<?xml version="1.0" encoding="UTF-8"?>
<!-- Generated by org.testng.reporters.JUnitXMLReporter -->
<testsuite hostname="DESKTOP-B75F35K" ignored="16" name="Default test" tests="1" failures="1" timestamp="11 Jul 2018 07:31:31 GMT" time="52.857" errors="0">
  <testcase name="MT1519" time="52.806" classname="regressionTestSuite.OldRegressionTestcase">
    <failure type="org.openqa.selenium.NoSuchElementException" message="Unable to find element with xpath == //i[@class=&amp;apos;fa fa-caret-down&amp;apos;][1]
For documentation on this error, please visit: http://seleniumhq.org/exceptions/no_such_element.html
Build info: version: &amp;apos;3.8.1&amp;apos;, revision: &amp;apos;6e95a6684b&amp;apos;, time: &amp;apos;2017-12-01T18:33:54.468Z&amp;apos;
System info: host: &amp;apos;DESKTOP-B75F35K&amp;apos;, ip: &amp;apos;10.0.2.15&amp;apos;, os.name: &amp;apos;Windows 10&amp;apos;, os.arch: &amp;apos;amd64&amp;apos;, os.version: &amp;apos;10.0&amp;apos;, java.version: &amp;apos;1.8.0_171&amp;apos;
Driver info: org.openqa.selenium.ie.InternetExplorerDriver
Capabilities {acceptInsecureCerts: false, browserName: internet explorer, browserVersion: 11, javascriptEnabled: true, pageLoadStrategy: normal, platform: WINDOWS, platformName: WINDOWS, proxy: Proxy(), se:ieOptions: {browserAttachTimeout: 0, elementScrollBehavior: 0, enablePersistentHover: true, ie.browserCommandLineSwitches: , ie.ensureCleanSession: false, ie.fileUploadDialogTimeout: 3000, ie.forceCreateProcessApi: false, ignoreProtectedModeSettings: false, ignoreZoomSetting: false, initialBrowserUrl: http://localhost:13204/, nativeEvents: true, requireWindowFocus: false}, setWindowRect: true, timeouts: {implicit: 0, pageLoad: 300000, script: 30000}}
Session ID: 468223bb-d98e-453d-bcd5-2c1a67b294ab
*** Element info: {Using=xpath, value=//i[@class=&amp;apos;fa fa-caret-down&amp;apos;][1]}">
      <![CDATA[org.openqa.selenium.NoSuchElementException: Unable to find element with xpath == //i[@class='fa fa-caret-down'][1]For documentation on this error, please visit: http://seleniumhq.org/exceptions/no_such_element.htmlBuild info: version: '3.8.1', revision: '6e95a6684b', time: '2017-12-01T18:33:54.468Z'System info: host: 'DESKTOP-B75F35K', ip: '10.0.2.15', os.name: 'Windows 10', os.arch: 'amd64', os.version: '10.0', java.version: '1.8.0_171'Driver info: org.openqa.selenium.ie.InternetExplorerDriverCapabilities {acceptInsecureCerts: false, browserName: internet explorer, browserVersion: 11, javascriptEnabled: true, pageLoadStrategy: normal, platform: WINDOWS, platformName: WINDOWS, proxy: Proxy(), se:ieOptions: {browserAttachTimeout: 0, elementScrollBehavior: 0, enablePersistentHover: true, ie.browserCommandLineSwitches: , ie.ensureCleanSession: false, ie.fileUploadDialogTimeout: 3000, ie.forceCreateProcessApi: false, ignoreProtectedModeSettings: false, ignoreZoomSetting: false, initialBrowserUrl: http://localhost:13204/, nativeEvents: true, requireWindowFocus: false}, setWindowRect: true, timeouts: {implicit: 0, pageLoad: 300000, script: 30000}}Session ID: 468223bb-d98e-453d-bcd5-2c1a67b294ab*** Element info: {Using=xpath, value=//i[@class='fa fa-caret-down'][1]}at sun.reflect.NativeConstructorAccessorImpl.newInstance0(Native Method)at sun.reflect.NativeConstructorAccessorImpl.newInstance(Unknown Source)at sun.reflect.DelegatingConstructorAccessorImpl.newInstance(Unknown Source)at java.lang.reflect.Constructor.newInstance(Unknown Source)at org.openqa.selenium.remote.http.W3CHttpResponseCodec.createException(W3CHttpResponseCodec.java:187)at org.openqa.selenium.remote.http.W3CHttpResponseCodec.decode(W3CHttpResponseCodec.java:122)at org.openqa.selenium.remote.http.W3CHttpResponseCodec.decode(W3CHttpResponseCodec.java:49)at org.openqa.selenium.remote.HttpCommandExecutor.execute(HttpCommandExecutor.java:164)at org.openqa.selenium.remote.service.DriverCommandExecutor.execute(DriverCommandExecutor.java:83)at org.openqa.selenium.remote.RemoteWebDriver.execute(RemoteWebDriver.java:601)at org.openqa.selenium.remote.RemoteWebDriver.findElement(RemoteWebDriver.java:371)at org.openqa.selenium.remote.RemoteWebDriver.findElementByXPath(RemoteWebDriver.java:473)at org.openqa.selenium.By$ByXPath.findElement(By.java:361)at org.openqa.selenium.remote.RemoteWebDriver.findElement(RemoteWebDriver.java:363)at pageObjects.MyProfilePage.getAccountDropdown(MyProfilePage.java:52)at regressionTestSuite.OldRegressionTestcase.MT1519(OldRegressionTestcase.java:907)at sun.reflect.NativeMethodAccessorImpl.invoke0(Native Method)at sun.reflect.NativeMethodAccessorImpl.invoke(Unknown Source)at sun.reflect.DelegatingMethodAccessorImpl.invoke(Unknown Source)at java.lang.reflect.Method.invoke(Unknown Source)at org.testng.internal.MethodInvocationHelper.invokeMethod(MethodInvocationHelper.java:124)at org.testng.internal.Invoker.invokeMethod(Invoker.java:571)at org.testng.internal.Invoker.invokeTestMethod(Invoker.java:707)at org.testng.internal.Invoker.invokeTestMethods(Invoker.java:979)at org.testng.internal.TestMethodWorker.invokeTestMethods(TestMethodWorker.java:125)at org.testng.internal.TestMethodWorker.run(TestMethodWorker.java:109)at org.testng.TestRunner.privateRun(TestRunner.java:648)at org.testng.TestRunner.run(TestRunner.java:505)at org.testng.SuiteRunner.runTest(SuiteRunner.java:455)at org.testng.SuiteRunner.runSequentially(SuiteRunner.java:450)at org.testng.SuiteRunner.privateRun(SuiteRunner.java:415)at org.testng.SuiteRunner.run(SuiteRunner.java:364)at org.testng.SuiteRunnerWorker.runSuite(SuiteRunnerWorker.java:52)at org.testng.SuiteRunnerWorker.run(SuiteRunnerWorker.java:84)at org.testng.TestNG.runSuitesSequentially(TestNG.java:1187)at org.testng.TestNG.runSuitesLocally(TestNG.java:1116)at org.testng.TestNG.runSuites(TestNG.java:1028)at org.testng.TestNG.run(TestNG.java:996)at org.testng.remote.AbstractRemoteTestNG.run(AbstractRemoteTestNG.java:114)at org.testng.remote.RemoteTestNG.initAndRun(RemoteTestNG.java:251)at org.testng.remote.RemoteTestNG.main(RemoteTestNG.java:77)]]>
    </failure>
  </testcase> <!-- MT1519 -->
  <testcase name="MT728" time="0.0" classname="regressionTestSuite.OldRegressionTestcase">
    <ignored/>
  </testcase> <!-- MT728 -->
  <testcase name="MT1522" time="0.0" classname="regressionTestSuite.OldRegressionTestcase">
    <ignored/>
  </testcase> <!-- MT1522 -->
  <testcase name="MT837" time="0.0" classname="regressionTestSuite.OldRegressionTestcase">
    <ignored/>
  </testcase> <!-- MT837 -->
  <testcase name="MT1520" time="0.0" classname="regressionTestSuite.OldRegressionTestcase">
    <ignored/>
  </testcase> <!-- MT1520 -->
  <testcase name="MT729" time="0.0" classname="regressionTestSuite.OldRegressionTestcase">
    <ignored/>
  </testcase> <!-- MT729 -->
  <testcase name="MT731" time="0.0" classname="regressionTestSuite.OldRegressionTestcase">
    <ignored/>
  </testcase> <!-- MT731 -->
  <testcase name="MT1526" time="0.0" classname="regressionTestSuite.OldRegressionTestcase">
    <ignored/>
  </testcase> <!-- MT1526 -->
  <testcase name="MT1534" time="0.0" classname="regressionTestSuite.OldRegressionTestcase">
    <ignored/>
  </testcase> <!-- MT1534 -->
  <testcase name="MT1535" time="0.0" classname="regressionTestSuite.OldRegressionTestcase">
    <ignored/>
  </testcase> <!-- MT1535 -->
  <testcase name="MT1521" time="0.0" classname="regressionTestSuite.OldRegressionTestcase">
    <ignored/>
  </testcase> <!-- MT1521 -->
  <testcase name="MT730" time="0.0" classname="regressionTestSuite.OldRegressionTestcase">
    <ignored/>
  </testcase> <!-- MT730 -->
  <testcase name="MT840" time="0.0" classname="regressionTestSuite.OldRegressionTestcase">
    <ignored/>
  </testcase> <!-- MT840 -->
  <testcase name="MT1527" time="0.0" classname="regressionTestSuite.OldRegressionTestcase">
    <ignored/>
  </testcase> <!-- MT1527 -->
  <testcase name="MT1528" time="0.0" classname="regressionTestSuite.OldRegressionTestcase">
    <ignored/>
  </testcase> <!-- MT1528 -->
  <testcase name="MT1525" time="0.0" classname="regressionTestSuite.OldRegressionTestcase">
    <ignored/>
  </testcase> <!-- MT1525 -->
  <testcase name="mt839" time="0.0" classname="regressionTestSuite.OldRegressionTestcase">
    <ignored/>
  </testcase> <!-- mt839 -->
</testsuite> <!-- Default test -->
